Traceback (most recent call last):
  File "/Users/jacobrafati/alpha/db/api.py", line 8, in <module>
    from fastapi import FastAPI, HTTPException
ModuleNotFoundError: No module named 'fastapi'
Traceback (most recent call last):
  File "/Users/jacobrafati/alpha/db/api.py", line 8, in <module>
    from fastapi import FastAPI, HTTPException
ModuleNotFoundError: No module named 'fastapi'
Traceback (most recent call last):
  File "/Users/jacobrafati/alpha/db/api.py", line 15, in <module>
    from .model import (
    ...<2 lines>...
    )
ImportError: attempted relative import with no known parent package
Traceback (most recent call last):
  File "/Users/jacobrafati/alpha/db/api.py", line 15, in <module>
    from .model import (
    ...<2 lines>...
    )
ImportError: attempted relative import with no known parent package
INFO:     Started server process [30816]
INFO:     Waiting for application startup.
INFO:     Application startup complete.
INFO:     Uvicorn running on http://0.0.0.0:8001 (Press CTRL+C to quit)
INFO:     Shutting down
INFO:     Waiting for application shutdown.
INFO:     Application shutdown complete.
INFO:     Finished server process [30816]
INFO:     Started server process [30855]
INFO:     Waiting for application startup.
INFO:     Application startup complete.
INFO:     Uvicorn running on http://0.0.0.0:8001 (Press CTRL+C to quit)
INFO:     Shutting down
INFO:     Waiting for application shutdown.
INFO:     Application shutdown complete.
INFO:     Finished server process [30855]
